app/build/intermediates/manifest_merge_blame_file/debug/manifest-merger-blame-debug-report.txt
1<?xml version="1.0" encoding="utf-8"?>
2<manifest xmlns:android="http://schemas.android.com/apk/res/android"
3    package="com.example.appbanhang"
4    android:versionCode="1"
5    android:versionName="1.0" >
6
7    <uses-sdk
8        android:minSdkVersion="19"
8-->src\main\AndroidManifest.xml
9        android:targetSdkVersion="32" />
9-->src\main\AndroidManifest.xml
10
11    <uses-permission android:name="android.permission.INTERNET" />
11-->src\main\AndroidManifest.xml:6:5-67
11-->src\main\AndroidManifest.xml:6:22-64
12    <uses-permission android:name="android.permission.ACCESS_NETWORK_STATE" />
12-->src\main\AndroidManifest.xml:7:5-79
12-->src\main\AndroidManifest.xml:7:22-76
13    <uses-permission android:name="android.permission.ACCESS_WIFI_STATE" />
13-->src\main\AndroidManifest.xml:8:5-76
13-->src\main\AndroidManifest.xml:8:22-73
14
15    <application
15-->src\main\AndroidManifest.xml:10:5-41:19
16        android:allowBackup="true"
16-->src\main\AndroidManifest.xml:11:9-35
17        android:appComponentFactory="androidx.core.app.CoreComponentFactory"
17-->[androidx.core:core:1.7.0] AndroidManifest.xml:24:18-86
18        android:debuggable="true"
19        android:icon="@mipmap/ic_launcher"
19-->src\main\AndroidManifest.xml:12:9-43
20        android:label="@string/app_name"
20-->src\main\AndroidManifest.xml:13:9-41
21        android:roundIcon="@mipmap/ic_launcher_round"
21-->src\main\AndroidManifest.xml:14:9-54
22        android:supportsRtl="true"
22-->src\main\AndroidManifest.xml:15:9-35
23        android:testOnly="true"
24        android:theme="@style/AppTheme"
24-->src\main\AndroidManifest.xml:16:9-40
25        android:usesCleartextTraffic="true" >
25-->src\main\AndroidManifest.xml:17:9-44
26        <activity android:name="com.example.appbanhang.activity.SearchActivity" />
26-->src\main\AndroidManifest.xml:19:9-61
26-->src\main\AndroidManifest.xml:19:19-58
27        <activity android:name="com.example.appbanhang.activity.ThanhToanActivity" />
27-->src\main\AndroidManifest.xml:20:9-64
27-->src\main\AndroidManifest.xml:20:19-61
28        <activity android:name="com.example.appbanhang.activity.DangNhapActivity" >
28-->src\main\AndroidManifest.xml:21:9-27:20
28-->src\main\AndroidManifest.xml:21:19-60
29            <intent-filter>
29-->src\main\AndroidManifest.xml:22:13-26:29
30                <action android:name="android.intent.action.MAIN" />
30-->src\main\AndroidManifest.xml:23:17-69
30-->src\main\AndroidManifest.xml:23:25-66
31
32                <category android:name="android.intent.category.LAUNCHER" />
32-->src\main\AndroidManifest.xml:25:17-77
32-->src\main\AndroidManifest.xml:25:27-74
33            </intent-filter>
34        </activity>
35        <activity android:name="com.example.appbanhang.activity.DangKiActivity" />
35-->src\main\AndroidManifest.xml:28:9-61
35-->src\main\AndroidManifest.xml:28:19-58
36        <activity android:name="com.example.appbanhang.activity.GioHangActivity" />
36-->src\main\AndroidManifest.xml:29:9-62
36-->src\main\AndroidManifest.xml:29:19-59
37        <activity
37-->src\main\AndroidManifest.xml:30:9-32:59
38            android:name="com.example.appbanhang.activity.ChiTietActivity"
38-->src\main\AndroidManifest.xml:31:13-53
39            android:theme="@style/AppTheme.NoActionBar" />
39-->src\main\AndroidManifest.xml:32:13-56
40        <activity android:name="com.example.appbanhang.activity.TieuThuyetActivity" />
40-->src\main\AndroidManifest.xml:33:9-65
40-->src\main\AndroidManifest.xml:33:19-62
41        <activity
41-->src\main\AndroidManifest.xml:34:9-36:59
42            android:name="com.example.appbanhang.activity.TruyenActivity"
42-->src\main\AndroidManifest.xml:35:13-52
43            android:theme="@style/AppTheme.NoActionBar" />
43-->src\main\AndroidManifest.xml:36:13-56
44        <activity
44-->src\main\AndroidManifest.xml:37:9-40:59
45            android:name="com.example.appbanhang.activity.MainActivity"
45-->src\main\AndroidManifest.xml:38:13-50
46            android:label="Activity Title"
46-->src\main\AndroidManifest.xml:39:13-43
47            android:theme="@style/AppTheme.NoActionBar" />
47-->src\main\AndroidManifest.xml:40:13-56
48
49        <provider
49-->[androidx.emoji2:emoji2:1.0.0] AndroidManifest.xml:26:9-34:20
50            android:name="androidx.startup.InitializationProvider"
50-->[androidx.emoji2:emoji2:1.0.0] AndroidManifest.xml:27:13-67
51            android:authorities="com.example.appbanhang.androidx-startup"
51-->[androidx.emoji2:emoji2:1.0.0] AndroidManifest.xml:28:13-68
52            android:exported="false" >
52-->[androidx.emoji2:emoji2:1.0.0] AndroidManifest.xml:29:13-37
53            <meta-data
53-->[androidx.emoji2:emoji2:1.0.0] AndroidManifest.xml:31:13-33:52
54                android:name="androidx.emoji2.text.EmojiCompatInitializer"
54-->[androidx.emoji2:emoji2:1.0.0] AndroidManifest.xml:32:17-75
55                android:value="androidx.startup" />
55-->[androidx.emoji2:emoji2:1.0.0] AndroidManifest.xml:33:17-49
56            <meta-data
56-->[androidx.lifecycle:lifecycle-process:2.4.0] AndroidManifest.xml:31:13-33:52
57                android:name="androidx.lifecycle.ProcessLifecycleInitializer"
57-->[androidx.lifecycle:lifecycle-process:2.4.0] AndroidManifest.xml:32:17-78
58                android:value="androidx.startup" />
58-->[androidx.lifecycle:lifecycle-process:2.4.0] AndroidManifest.xml:33:17-49
59        </provider>
60    </application>
61
62</manifest>